<?xml version="1.0" encoding="UTF-8"?>
<!-- Generated by org.testng.reporters.JUnitXMLReporter -->
<testsuite ignored="0" hostname="LAPTOP-IFFP6P5H" failures="0" tests="3" name="Test" time="19.746" errors="0" timestamp="2023-09-29T13:20:51 IST">
  <testcase classname="Test_Cases.AlertHandling" name="handlingSimpleAlert" time="0.563"/>
  <testcase classname="Test_Cases.AlertHandling" name="handlingConfirmationAlert" time="0.539"/>
  <testcase classname="Test_Cases.AlertHandling" name="handlingPromptAlert" time="0.522"/>
</testsuite> <!-- Test -->
