<?xml version="1.0" encoding="UTF-8"?>
<testng-results ignored="0" total="1" passed="1" failed="0" skipped="0">
  <reporter-output>
  </reporter-output>
  <suite started-at="2023-09-21T11:46:13 IST" name="Suite" finished-at="2023-09-21T11:47:08 IST" duration-ms="55115">
    <groups>
    </groups>
    <test started-at="2023-09-21T11:46:13 IST" name="Test" finished-at="2023-09-21T11:47:08 IST" duration-ms="55115">
      <class name="Test_Cases.DropDown">
        <test-method is-config="true" signature="launchBrowser(java.lang.String)[pri:0, instance:Test_Cases.DropDown@7bba5817]" started-at="2023-09-21T11:46:13 IST" name="launchBrowser" finished-at="2023-09-21T11:47:06 IST" duration-ms="53285" status="PASS">
          <params>
            <param index="0">
              <value>
                <![CDATA[chrome]]>
              </value>
            </param>
          </params>
          <reporter-output>
          </reporter-output>
        </test-method> <!-- launchBrowser -->
        <test-method signature="handleDropdown()[pri:0, instance:Test_Cases.DropDown@7bba5817]" started-at="2023-09-21T11:47:06 IST" name="handleDropdown" finished-at="2023-09-21T11:47:07 IST" duration-ms="921" status="PASS">
          <reporter-output>
          </reporter-output>
        </test-method> <!-- handleDropdown -->
        <test-method is-config="true" signature="tearDown()[pri:0, instance:Test_Cases.DropDown@7bba5817]" started-at="2023-09-21T11:47:07 IST" name="tearDown" finished-at="2023-09-21T11:47:08 IST" duration-ms="815" status="PASS">
          <reporter-output>
          </reporter-output>
        </test-method> <!-- tearDown -->
      </class> <!-- Test_Cases.DropDown -->
    </test> <!-- Test -->
  </suite> <!-- Suite -->
</testng-results>
