<?xml version="1.0" encoding="UTF-8"?>
<testng-results ignored="0" total="1" passed="1" failed="0" skipped="0">
  <reporter-output>
  </reporter-output>
  <suite started-at="2023-09-27T13:53:19 IST" name="Suite" finished-at="2023-09-27T13:53:27 IST" duration-ms="8408">
    <groups>
    </groups>
    <test started-at="2023-09-27T13:53:19 IST" name="Test" finished-at="2023-09-27T13:53:27 IST" duration-ms="8408">
      <class name="Test_Cases.CheckBox">
        <test-method is-config="true" signature="launchBrowser(java.lang.String)[pri:0, instance:Test_Cases.CheckBox@6273c5a4]" started-at="2023-09-27T13:53:19 IST" name="launchBrowser" finished-at="2023-09-27T13:53:26 IST" duration-ms="7340" status="PASS">
          <params>
            <param index="0">
              <value>
                <![CDATA[chrome]]>
              </value>
            </param>
          </params>
          <reporter-output>
          </reporter-output>
        </test-method> <!-- launchBrowser -->
        <test-method signature="clickCheckbox()[pri:0, instance:Test_Cases.CheckBox@6273c5a4]" started-at="2023-09-27T13:53:26 IST" name="clickCheckbox" finished-at="2023-09-27T13:53:27 IST" duration-ms="567" status="PASS">
          <reporter-output>
          </reporter-output>
        </test-method> <!-- clickCheckbox -->
        <test-method is-config="true" signature="tearDown()[pri:0, instance:Test_Cases.CheckBox@6273c5a4]" started-at="2023-09-27T13:53:27 IST" name="tearDown" finished-at="2023-09-27T13:53:27 IST" duration-ms="448" status="PASS">
          <reporter-output>
          </reporter-output>
        </test-method> <!-- tearDown -->
      </class> <!-- Test_Cases.CheckBox -->
    </test> <!-- Test -->
  </suite> <!-- Suite -->
</testng-results>
